We have new decoration!
Total cost is 300 PLN.
Wow!
Fresh spruce: 100% of tree covered with needles
We have new decoration!
Total cost is 450 PLN.
Wow!
Bright colorful lights withs 100 LEDs: constant
We have new decoration!
Total cost is 460 PLN.
Wow!
Glass ball in shape of snowman: OK
We have new decoration!
Total cost is 475 PLN.
Wow!
Glass ball with Christmas tree: OK
We have new decoration!
Total cost is 490 PLN.
Wow!
Glass ball with presents: broken
Savings before: 1000 PLN and after: 510 PLN.
December, 18, 17:37
Bright colorful lights withs 100 LEDs: blinking
Glass ball with Christmas tree: OK
Glass ball with presents: broken
December, 18, 18:08
Bright colorful lights withs 100 LEDs: off
Glass ball with presents: broken
December, 18, 20:26
Fresh spruce: 100% of tree covered with needles
Bright colorful lights withs 100 LEDs: constant
Glass ball with Christmas tree: OK
December, 18, 22:41
Glass ball with presents: broken
December, 19, 1:55
December, 19, 2:02
December, 19, 2:49
December, 19, 4:35
December, 19, 5:46
December, 19, 9:48
December, 19, 12:16
Bright colorful lights withs 100 LEDs: blinking
December, 19, 12:32
Glass ball with Christmas tree: OK
Glass ball with presents: broken
December, 19, 15:09
December, 20, 4:01
Glass ball in shape of snowman: OK
December, 20, 9:40
Bright colorful lights withs 100 LEDs: off
Glass ball with Christmas tree: OK
December, 20, 20:31
December, 20, 22:04
Fresh spruce: 97% of tree covered with needles
Glass ball with presents: broken
December, 20, 23:50
Bright colorful lights withs 100 LEDs: constant
December, 21, 4:46
Bright colorful lights withs 100 LEDs: blinking
December, 21, 15:41
Glass ball in shape of snowman: OK
December, 21, 17:10
Glass ball with Christmas tree: OK
December, 21, 20:05
Glass ball with presents: broken
December, 21, 22:44
December, 22, 5:46
Glass ball with presents: broken
December, 22, 11:18
Glass ball with presents: broken
December, 22, 17:04
Fresh spruce: 94% of tree covered with needles
Glass ball with Christmas tree: OK
Glass ball with presents: broken
December, 22, 17:39
Fresh spruce: 94% of tree covered with needles
Glass ball with Christmas tree: OK
Glass ball with presents: broken
December, 22, 20:07
December, 23, 6:23
Bright colorful lights withs 100 LEDs: off
December, 23, 8:18
Fresh spruce: 93% of tree covered with needles
December, 23, 11:29
Glass ball in shape of snowman: broken
December, 23, 11:55
Glass ball in shape of snowman: broken
Glass ball with Christmas tree: OK
Glass ball with presents: broken
December, 23, 13:36
Fresh spruce: 93% of tree covered with needles
Glass ball in shape of snowman: broken
Glass ball with Christmas tree: OK
December, 23, 14:24
Glass ball with presents: broken
December, 23, 17:19
Fresh spruce: 93% of tree covered with needles
Glass ball with Christmas tree: OK
December, 23, 21:46
Bright colorful lights withs 100 LEDs: constant
Glass ball with Christmas tree: OK
Glass ball with presents: broken
December, 24, 5:40
Glass ball with presents: broken
December, 24, 9:25
December, 24, 9:41
December, 24, 9:49
December, 24, 11:12
December, 24, 12:37
December, 24, 15:26
Fresh spruce: 91% of tree covered with needles
December, 24, 16:01
Bright colorful lights withs 100 LEDs: blinking
December, 24, 16:39
Glass ball in shape of snowman: broken
December, 24, 16:59
December, 24, 17:38
Bright colorful lights withs 100 LEDs: off